2025.06.23 02:31:52 INFO  Started: Metals version 1.6.0 in folders 'C:\CodeMine\dataprocess' for client Visual Studio Code 1.101.1.
2025.06.23 02:31:55 INFO  no build target found for C:\CodeMine\dataprocess\backend\app\controllers\DuplicatesController.scala. Using presentation compiler with project's scala-library version: 3.3.6
2025.06.23 02:31:55 INFO  no build target found for C:\CodeMine\dataprocess\backend\app\controllers\NormalizerController.scala. Using presentation compiler with project's scala-library version: 3.3.6
2025.06.23 02:31:56 INFO  no build target found for C:\CodeMine\dataprocess\backend\app\controllers\DuplicatesController.scala. Using presentation compiler with project's scala-library version: 3.3.6
2025.06.23 02:31:58 INFO  no build target found for C:\CodeMine\dataprocess\backend\app\controllers\NormalizerController.scala. Using presentation compiler with project's scala-library version: 3.3.6
2025.06.23 02:31:58 INFO  no build target found for C:\CodeMine\dataprocess\backend\app\controllers\OutliersController.scala. Using presentation compiler with project's scala-library version: 3.3.6
2025.06.23 02:32:00 WARN  Could not find semantic tokens for: file:///C:/CodeMine/dataprocess/backend/app/controllers/OutliersController.scala
2025.06.23 02:32:10 INFO  no build target found for C:\CodeMine\dataprocess\backend\app\controllers\OutliersController.scala. Using presentation compiler with project's scala-library version: 3.3.6
2025.06.23 02:32:10 INFO  no build target found for C:\CodeMine\dataprocess\backend\app\controllers\OutliersController.scala. Using presentation compiler with project's scala-library version: 3.3.6
2025.06.23 02:32:10 INFO  no build target found for C:\CodeMine\dataprocess\backend\app\controllers\OutliersController.scala. Using presentation compiler with project's scala-library version: 3.3.6
2025.06.23 02:32:10 INFO  no build target found for C:\CodeMine\dataprocess\backend\app\controllers\OutliersController.scala. Using presentation compiler with project's scala-library version: 3.3.6
2025.06.23 02:32:11 INFO  no build target found for C:\CodeMine\dataprocess\backend\app\controllers\OutliersController.scala. Using presentation compiler with project's scala-library version: 3.3.6
2025.06.23 02:32:12 INFO  no build target found for C:\CodeMine\dataprocess\backend\app\controllers\OutliersController.scala. Using presentation compiler with project's scala-library version: 3.3.6
2025.06.23 02:32:11 INFO  no build target found for C:\CodeMine\dataprocess\backend\app\controllers\OutliersController.scala. Using presentation compiler with project's scala-library version: 3.3.6
2025.06.23 02:32:12 WARN  Could not find semantic tokens for: file:///C:/CodeMine/dataprocess/backend/app/controllers/OutliersController.scala
2025.06.23 02:32:12 INFO  no build target found for C:\CodeMine\dataprocess\backend\app\controllers\OutliersController.scala. Using presentation compiler with project's scala-library version: 3.3.6
2025.06.23 02:32:12 INFO  no build target found for C:\CodeMine\dataprocess\backend\app\controllers\OutliersController.scala. Using presentation compiler with project's scala-library version: 3.3.6
2025.06.23 02:32:14 INFO  no build target found for C:\CodeMine\dataprocess\backend\app\controllers\OutliersController.scala. Using presentation compiler with project's scala-library version: 3.3.6
2025.06.23 02:32:14 INFO  no build target found for C:\CodeMine\dataprocess\backend\app\controllers\OutliersController.scala. Using presentation compiler with project's scala-library version: 3.3.6
2025.06.23 02:32:14 WARN  Could not find semantic tokens for: file:///C:/CodeMine/dataprocess/backend/app/controllers/OutliersController.scala
2025.06.23 02:32:15 INFO  no build target found for C:\CodeMine\dataprocess\backend\app\controllers\OutliersController.scala. Using presentation compiler with project's scala-library version: 3.3.6
2025.06.23 02:32:15 INFO  no build target found for C:\CodeMine\dataprocess\backend\app\controllers\OutliersController.scala. Using presentation compiler with project's scala-library version: 3.3.6
2025.06.23 02:32:15 INFO  no build target found for C:\CodeMine\dataprocess\backend\app\controllers\OutliersController.scala. Using presentation compiler with project's scala-library version: 3.3.6
2025.06.23 02:32:15 INFO  no build target found for C:\CodeMine\dataprocess\backend\app\controllers\OutliersController.scala. Using presentation compiler with project's scala-library version: 3.3.6
2025.06.23 02:32:15 INFO  no build target found for C:\CodeMine\dataprocess\backend\app\controllers\OutliersController.scala. Using presentation compiler with project's scala-library version: 3.3.6
2025.06.23 02:32:16 INFO  no build target found for C:\CodeMine\dataprocess\backend\app\controllers\OutliersController.scala. Using presentation compiler with project's scala-library version: 3.3.6
2025.06.23 02:32:16 WARN  Could not find semantic tokens for: file:///C:/CodeMine/dataprocess/backend/app/controllers/OutliersController.scala
2025.06.23 02:32:16 INFO  no build target found for C:\CodeMine\dataprocess\backend\app\controllers\OutliersController.scala. Using presentation compiler with project's scala-library version: 3.3.6
2025.06.23 02:32:16 INFO  no build target found for C:\CodeMine\dataprocess\backend\app\controllers\OutliersController.scala. Using presentation compiler with project's scala-library version: 3.3.6
2025.06.23 02:32:16 INFO  no build target found for C:\CodeMine\dataprocess\backend\app\controllers\OutliersController.scala. Using presentation compiler with project's scala-library version: 3.3.6
2025.06.23 02:32:16 INFO  no build target found for C:\CodeMine\dataprocess\backend\app\controllers\OutliersController.scala. Using presentation compiler with project's scala-library version: 3.3.6
2025.06.23 02:32:16 INFO  no build target found for C:\CodeMine\dataprocess\backend\app\controllers\OutliersController.scala. Using presentation compiler with project's scala-library version: 3.3.6
2025.06.23 02:32:17 INFO  no build target found for C:\CodeMine\dataprocess\backend\app\controllers\OutliersController.scala. Using presentation compiler with project's scala-library version: 3.3.6
2025.06.23 02:32:17 WARN  Could not find semantic tokens for: file:///C:/CodeMine/dataprocess/backend/app/controllers/OutliersController.scala
2025.06.23 02:32:18 INFO  no build target found for C:\CodeMine\dataprocess\backend\app\controllers\OutliersController.scala. Using presentation compiler with project's scala-library version: 3.3.6
2025.06.23 02:32:18 INFO  no build target found for C:\CodeMine\dataprocess\backend\app\controllers\OutliersController.scala. Using presentation compiler with project's scala-library version: 3.3.6
2025.06.23 02:32:18 INFO  no build target found for C:\CodeMine\dataprocess\backend\app\controllers\OutliersController.scala. Using presentation compiler with project's scala-library version: 3.3.6
2025.06.23 02:32:18 INFO  no build target found for C:\CodeMine\dataprocess\backend\app\controllers\OutliersController.scala. Using presentation compiler with project's scala-library version: 3.3.6
2025.06.23 02:32:18 WARN  Could not find semantic tokens for: file:///C:/CodeMine/dataprocess/backend/app/controllers/OutliersController.scala
2025.06.23 02:32:18 INFO  no build target found for C:\CodeMine\dataprocess\backend\app\controllers\OutliersController.scala. Using presentation compiler with project's scala-library version: 3.3.6
2025.06.23 02:32:18 INFO  no build target found for C:\CodeMine\dataprocess\backend\app\controllers\OutliersController.scala. Using presentation compiler with project's scala-library version: 3.3.6
2025.06.23 02:32:18 INFO  no build target found for C:\CodeMine\dataprocess\backend\app\controllers\OutliersController.scala. Using presentation compiler with project's scala-library version: 3.3.6
2025.06.23 02:32:18 WARN  Could not find semantic tokens for: file:///C:/CodeMine/dataprocess/backend/app/controllers/OutliersController.scala
2025.06.23 02:32:23 INFO  no build target found for C:\CodeMine\dataprocess\backend\app\controllers\OutliersController.scala. Using presentation compiler with project's scala-library version: 3.3.6
2025.06.23 02:32:23 INFO  no build target found for C:\CodeMine\dataprocess\backend\app\controllers\OutliersController.scala. Using presentation compiler with project's scala-library version: 3.3.6
2025.06.23 02:32:23 INFO  no build target found for C:\CodeMine\dataprocess\backend\app\controllers\OutliersController.scala. Using presentation compiler with project's scala-library version: 3.3.6
2025.06.23 02:32:23 WARN  Could not find semantic tokens for: file:///C:/CodeMine/dataprocess/backend/app/controllers/OutliersController.scala
2025.06.23 02:32:23 INFO  no build target found for C:\CodeMine\dataprocess\backend\app\controllers\OutliersController.scala. Using presentation compiler with project's scala-library version: 3.3.6
2025.06.23 02:32:24 INFO  no build target found for C:\CodeMine\dataprocess\backend\app\controllers\OutliersController.scala. Using presentation compiler with project's scala-library version: 3.3.6
2025.06.23 02:32:24 INFO  no build target found for C:\CodeMine\dataprocess\backend\app\controllers\OutliersController.scala. Using presentation compiler with project's scala-library version: 3.3.6
2025.06.23 02:32:24 WARN  Could not find semantic tokens for: file:///C:/CodeMine/dataprocess/backend/app/controllers/OutliersController.scala
2025.06.23 02:32:24 INFO  no build target found for C:\CodeMine\dataprocess\backend\app\controllers\OutliersController.scala. Using presentation compiler with project's scala-library version: 3.3.6
2025.06.23 02:32:24 INFO  no build target found for C:\CodeMine\dataprocess\backend\app\controllers\OutliersController.scala. Using presentation compiler with project's scala-library version: 3.3.6
2025.06.23 02:32:24 INFO  no build target found for C:\CodeMine\dataprocess\backend\app\controllers\OutliersController.scala. Using presentation compiler with project's scala-library version: 3.3.6
2025.06.23 02:32:24 INFO  no build target found for C:\CodeMine\dataprocess\backend\app\controllers\OutliersController.scala. Using presentation compiler with project's scala-library version: 3.3.6
2025.06.23 02:32:24 INFO  no build target found for C:\CodeMine\dataprocess\backend\app\controllers\OutliersController.scala. Using presentation compiler with project's scala-library version: 3.3.6
2025.06.23 02:32:25 INFO  no build target found for C:\CodeMine\dataprocess\backend\app\controllers\OutliersController.scala. Using presentation compiler with project's scala-library version: 3.3.6
2025.06.23 02:32:25 WARN  Could not find semantic tokens for: file:///C:/CodeMine/dataprocess/backend/app/controllers/OutliersController.scala
2025.06.23 02:32:27 INFO  no build target found for C:\CodeMine\dataprocess\backend\app\controllers\OutliersController.scala. Using presentation compiler with project's scala-library version: 3.3.6
2025.06.23 02:32:27 WARN  no build target for: C:\CodeMine\dataprocess\backend\app\controllers\OutliersController.scala
2025.06.23 02:32:27 INFO  no build target found for C:\CodeMine\dataprocess\backend\app\controllers\OutliersController.scala. Using presentation compiler with project's scala-library version: 3.3.6
2025.06.23 02:32:27 WARN  Could not find semantic tokens for: file:///C:/CodeMine/dataprocess/backend/app/controllers/OutliersController.scala
2025.06.23 02:32:27 INFO  no build target found for C:\CodeMine\dataprocess\backend\app\controllers\OutliersController.scala. Using presentation compiler with project's scala-library version: 3.3.6
2025.06.23 02:32:34 INFO  no build target found for C:\CodeMine\dataprocess\backend\app\controllers\OutliersController.scala. Using presentation compiler with project's scala-library version: 3.3.6
2025.06.23 02:32:34 INFO  no build target found for C:\CodeMine\dataprocess\backend\app\controllers\OutliersController.scala. Using presentation compiler with project's scala-library version: 3.3.6
2025.06.23 02:32:34 INFO  no build target found for C:\CodeMine\dataprocess\backend\app\controllers\OutliersController.scala. Using presentation compiler with project's scala-library version: 3.3.6
2025.06.23 02:32:46 INFO  no build target found for C:\CodeMine\dataprocess\backend\app\controllers\OutliersController.scala. Using presentation compiler with project's scala-library version: 3.3.6
2025.06.23 02:32:46 INFO  no build target found for C:\CodeMine\dataprocess\backend\app\controllers\OutliersController.scala. Using presentation compiler with project's scala-library version: 3.3.6
2025.06.23 02:32:46 INFO  no build target found for C:\CodeMine\dataprocess\backend\app\controllers\OutliersController.scala. Using presentation compiler with project's scala-library version: 3.3.6
2025.06.23 02:32:46 INFO  no build target found for C:\CodeMine\dataprocess\backend\app\controllers\OutliersController.scala. Using presentation compiler with project's scala-library version: 3.3.6
2025.06.23 02:32:46 INFO  no build target found for C:\CodeMine\dataprocess\backend\app\controllers\OutliersController.scala. Using presentation compiler with project's scala-library version: 3.3.6
2025.06.23 02:32:46 INFO  no build target found for C:\CodeMine\dataprocess\backend\app\controllers\OutliersController.scala. Using presentation compiler with project's scala-library version: 3.3.6
2025.06.23 02:32:46 INFO  no build target found for C:\CodeMine\dataprocess\backend\app\controllers\OutliersController.scala. Using presentation compiler with project's scala-library version: 3.3.6
2025.06.23 02:32:47 INFO  no build target found for C:\CodeMine\dataprocess\backend\app\controllers\OutliersController.scala. Using presentation compiler with project's scala-library version: 3.3.6
2025.06.23 02:32:47 INFO  no build target found for C:\CodeMine\dataprocess\backend\app\controllers\OutliersController.scala. Using presentation compiler with project's scala-library version: 3.3.6
2025.06.23 02:32:49 INFO  no build target found for C:\CodeMine\dataprocess\backend\app\controllers\OutliersController.scala. Using presentation compiler with project's scala-library version: 3.3.6
2025.06.23 02:32:49 INFO  no build target found for C:\CodeMine\dataprocess\backend\app\controllers\OutliersController.scala. Using presentation compiler with project's scala-library version: 3.3.6
2025.06.23 02:32:50 INFO  no build target found for C:\CodeMine\dataprocess\backend\app\controllers\OutliersController.scala. Using presentation compiler with project's scala-library version: 3.3.6
2025.06.23 02:32:50 INFO  no build target found for C:\CodeMine\dataprocess\backend\app\controllers\OutliersController.scala. Using presentation compiler with project's scala-library version: 3.3.6
2025.06.23 02:32:50 INFO  no build target found for C:\CodeMine\dataprocess\backend\app\controllers\OutliersController.scala. Using presentation compiler with project's scala-library version: 3.3.6
2025.06.23 02:32:50 INFO  no build target found for C:\CodeMine\dataprocess\backend\app\controllers\OutliersController.scala. Using presentation compiler with project's scala-library version: 3.3.6
2025.06.23 02:32:51 INFO  no build target found for C:\CodeMine\dataprocess\backend\app\controllers\OutliersController.scala. Using presentation compiler with project's scala-library version: 3.3.6
2025.06.23 02:32:51 INFO  no build target found for C:\CodeMine\dataprocess\backend\app\controllers\OutliersController.scala. Using presentation compiler with project's scala-library version: 3.3.6
2025.06.23 02:32:51 INFO  no build target found for C:\CodeMine\dataprocess\backend\app\controllers\OutliersController.scala. Using presentation compiler with project's scala-library version: 3.3.6
2025.06.23 02:32:51 INFO  no build target found for C:\CodeMine\dataprocess\backend\app\controllers\OutliersController.scala. Using presentation compiler with project's scala-library version: 3.3.6
2025.06.23 02:32:51 INFO  no build target found for C:\CodeMine\dataprocess\backend\app\controllers\OutliersController.scala. Using presentation compiler with project's scala-library version: 3.3.6
2025.06.23 02:32:51 INFO  no build target found for C:\CodeMine\dataprocess\backend\app\controllers\OutliersController.scala. Using presentation compiler with project's scala-library version: 3.3.6
2025.06.23 02:32:53 INFO  no build target found for C:\CodeMine\dataprocess\backend\app\controllers\OutliersController.scala. Using presentation compiler with project's scala-library version: 3.3.6
2025.06.23 02:32:53 INFO  no build target found for C:\CodeMine\dataprocess\backend\app\controllers\OutliersController.scala. Using presentation compiler with project's scala-library version: 3.3.6
2025.06.23 02:32:53 INFO  no build target found for C:\CodeMine\dataprocess\backend\app\controllers\OutliersController.scala. Using presentation compiler with project's scala-library version: 3.3.6
2025.06.23 02:32:53 INFO  no build target found for C:\CodeMine\dataprocess\backend\app\controllers\OutliersController.scala. Using presentation compiler with project's scala-library version: 3.3.6
2025.06.23 02:32:53 INFO  no build target found for C:\CodeMine\dataprocess\backend\app\controllers\OutliersController.scala. Using presentation compiler with project's scala-library version: 3.3.6
2025.06.23 02:32:58 INFO  no build target found for C:\CodeMine\dataprocess\backend\app\controllers\OutliersController.scala. Using presentation compiler with project's scala-library version: 3.3.6
2025.06.23 02:32:58 INFO  no build target found for C:\CodeMine\dataprocess\backend\app\controllers\OutliersController.scala. Using presentation compiler with project's scala-library version: 3.3.6
2025.06.23 02:33:00 INFO  no build target found for C:\CodeMine\dataprocess\backend\app\controllers\NormalizerController.scala. Using presentation compiler with project's scala-library version: 3.3.6
2025.06.23 02:33:00 WARN  Could not find semantic tokens for: file:///C:/CodeMine/dataprocess/backend/app/controllers/NormalizerController.scala
2025.06.23 02:33:07 WARN  no build target for: C:\CodeMine\dataprocess\backend\app\controllers\OutliersController.scala
2025.06.23 02:33:07 INFO  no build target found for C:\CodeMine\dataprocess\backend\app\controllers\OutliersController.scala. Using presentation compiler with project's scala-library version: 3.3.6
2025.06.23 02:33:07 INFO  no build target found for C:\CodeMine\dataprocess\backend\app\controllers\OutliersController.scala. Using presentation compiler with project's scala-library version: 3.3.6
2025.06.23 02:33:07 WARN  Could not find semantic tokens for: file:///C:/CodeMine/dataprocess/backend/app/controllers/OutliersController.scala
2025.06.23 02:33:07 INFO  no build target found for C:\CodeMine\dataprocess\backend\app\controllers\OutliersController.scala. Using presentation compiler with project's scala-library version: 3.3.6
2025.06.23 02:33:07 INFO  no build target found for C:\CodeMine\dataprocess\backend\app\controllers\OutliersController.scala. Using presentation compiler with project's scala-library version: 3.3.6
2025.06.23 02:33:07 INFO  no build target found for C:\CodeMine\dataprocess\backend\app\controllers\OutliersController.scala. Using presentation compiler with project's scala-library version: 3.3.6
2025.06.23 02:33:08 INFO  no build target found for C:\CodeMine\dataprocess\backend\app\controllers\OutliersController.scala. Using presentation compiler with project's scala-library version: 3.3.6
2025.06.23 02:33:09 INFO  no build target found for C:\CodeMine\dataprocess\backend\app\controllers\OutliersController.scala. Using presentation compiler with project's scala-library version: 3.3.6
2025.06.23 02:33:09 INFO  no build target found for C:\CodeMine\dataprocess\backend\app\controllers\OutliersController.scala. Using presentation compiler with project's scala-library version: 3.3.6
2025.06.23 02:33:09 INFO  no build target found for C:\CodeMine\dataprocess\backend\app\controllers\OutliersController.scala. Using presentation compiler with project's scala-library version: 3.3.6
2025.06.23 02:33:09 INFO  no build target found for C:\CodeMine\dataprocess\backend\app\controllers\OutliersController.scala. Using presentation compiler with project's scala-library version: 3.3.6
2025.06.23 02:33:10 INFO  no build target found for C:\CodeMine\dataprocess\backend\app\controllers\OutliersController.scala. Using presentation compiler with project's scala-library version: 3.3.6
2025.06.23 02:33:10 INFO  no build target found for C:\CodeMine\dataprocess\backend\app\controllers\OutliersController.scala. Using presentation compiler with project's scala-library version: 3.3.6
2025.06.23 02:33:10 INFO  no build target found for C:\CodeMine\dataprocess\backend\app\controllers\OutliersController.scala. Using presentation compiler with project's scala-library version: 3.3.6
2025.06.23 02:33:10 INFO  no build target found for C:\CodeMine\dataprocess\backend\app\controllers\OutliersController.scala. Using presentation compiler with project's scala-library version: 3.3.6
2025.06.23 02:33:11 INFO  no build target found for C:\CodeMine\dataprocess\backend\app\controllers\OutliersController.scala. Using presentation compiler with project's scala-library version: 3.3.6
2025.06.23 02:33:11 WARN  Could not find semantic tokens for: file:///C:/CodeMine/dataprocess/backend/app/controllers/OutliersController.scala
2025.06.23 02:33:12 INFO  no build target found for C:\CodeMine\dataprocess\backend\app\controllers\OutliersController.scala. Using presentation compiler with project's scala-library version: 3.3.6
2025.06.23 02:33:12 INFO  no build target found for C:\CodeMine\dataprocess\backend\app\controllers\OutliersController.scala. Using presentation compiler with project's scala-library version: 3.3.6
2025.06.23 02:33:12 INFO  no build target found for C:\CodeMine\dataprocess\backend\app\controllers\OutliersController.scala. Using presentation compiler with project's scala-library version: 3.3.6
2025.06.23 02:33:12 WARN  Could not find semantic tokens for: file:///C:/CodeMine/dataprocess/backend/app/controllers/OutliersController.scala
2025.06.23 02:33:13 INFO  no build target found for C:\CodeMine\dataprocess\backend\app\controllers\OutliersController.scala. Using presentation compiler with project's scala-library version: 3.3.6
2025.06.23 02:33:13 INFO  no build target found for C:\CodeMine\dataprocess\backend\app\controllers\OutliersController.scala. Using presentation compiler with project's scala-library version: 3.3.6
2025.06.23 02:33:14 INFO  no build target found for C:\CodeMine\dataprocess\backend\app\controllers\OutliersController.scala. Using presentation compiler with project's scala-library version: 3.3.6
2025.06.23 02:33:14 WARN  Could not find semantic tokens for: file:///C:/CodeMine/dataprocess/backend/app/controllers/OutliersController.scala
2025.06.23 02:33:13 INFO  no build target found for C:\CodeMine\dataprocess\backend\app\controllers\OutliersController.scala. Using presentation compiler with project's scala-library version: 3.3.6
2025.06.23 02:33:13 INFO  no build target found for C:\CodeMine\dataprocess\backend\app\controllers\OutliersController.scala. Using presentation compiler with project's scala-library version: 3.3.6
2025.06.23 02:33:14 INFO  no build target found for C:\CodeMine\dataprocess\backend\app\controllers\OutliersController.scala. Using presentation compiler with project's scala-library version: 3.3.6
2025.06.23 02:33:14 WARN  Could not find semantic tokens for: file:///C:/CodeMine/dataprocess/backend/app/controllers/OutliersController.scala
2025.06.23 02:33:13 INFO  no build target found for C:\CodeMine\dataprocess\backend\app\controllers\OutliersController.scala. Using presentation compiler with project's scala-library version: 3.3.6
2025.06.23 02:33:14 INFO  no build target found for C:\CodeMine\dataprocess\backend\app\controllers\OutliersController.scala. Using presentation compiler with project's scala-library version: 3.3.6
2025.06.23 02:33:14 INFO  no build target found for C:\CodeMine\dataprocess\backend\app\controllers\OutliersController.scala. Using presentation compiler with project's scala-library version: 3.3.6
2025.06.23 02:33:14 WARN  Could not find semantic tokens for: file:///C:/CodeMine/dataprocess/backend/app/controllers/OutliersController.scala
2025.06.23 02:33:14 INFO  no build target found for C:\CodeMine\dataprocess\backend\app\controllers\OutliersController.scala. Using presentation compiler with project's scala-library version: 3.3.6
2025.06.23 02:33:14 INFO  no build target found for C:\CodeMine\dataprocess\backend\app\controllers\OutliersController.scala. Using presentation compiler with project's scala-library version: 3.3.6
2025.06.23 02:33:14 INFO  no build target found for C:\CodeMine\dataprocess\backend\app\controllers\OutliersController.scala. Using presentation compiler with project's scala-library version: 3.3.6
2025.06.23 02:33:15 INFO  no build target found for C:\CodeMine\dataprocess\backend\app\controllers\OutliersController.scala. Using presentation compiler with project's scala-library version: 3.3.6
2025.06.23 02:33:15 WARN  Could not find semantic tokens for: file:///C:/CodeMine/dataprocess/backend/app/controllers/OutliersController.scala
2025.06.23 02:33:16 INFO  no build target found for C:\CodeMine\dataprocess\backend\app\controllers\OutliersController.scala. Using presentation compiler with project's scala-library version: 3.3.6
2025.06.23 02:33:16 INFO  no build target found for C:\CodeMine\dataprocess\backend\app\controllers\OutliersController.scala. Using presentation compiler with project's scala-library version: 3.3.6
2025.06.23 02:33:16 INFO  no build target found for C:\CodeMine\dataprocess\backend\app\controllers\OutliersController.scala. Using presentation compiler with project's scala-library version: 3.3.6
2025.06.23 02:33:16 WARN  Could not find semantic tokens for: file:///C:/CodeMine/dataprocess/backend/app/controllers/OutliersController.scala
2025.06.23 02:33:16 INFO  no build target found for C:\CodeMine\dataprocess\backend\app\controllers\OutliersController.scala. Using presentation compiler with project's scala-library version: 3.3.6
2025.06.23 02:34:10 INFO  no build target found for C:\CodeMine\dataprocess\backend\app\controllers\OutliersController.scala. Using presentation compiler with project's scala-library version: 3.3.6
2025.06.23 02:34:10 INFO  no build target found for C:\CodeMine\dataprocess\backend\app\controllers\OutliersController.scala. Using presentation compiler with project's scala-library version: 3.3.6
2025.06.23 02:34:10 INFO  no build target found for C:\CodeMine\dataprocess\backend\app\controllers\OutliersController.scala. Using presentation compiler with project's scala-library version: 3.3.6
2025.06.23 02:34:10 INFO  no build target found for C:\CodeMine\dataprocess\backend\app\controllers\OutliersController.scala. Using presentation compiler with project's scala-library version: 3.3.6
2025.06.23 02:34:12 INFO  no build target found for C:\CodeMine\dataprocess\backend\app\controllers\OutliersController.scala. Using presentation compiler with project's scala-library version: 3.3.6
2025.06.23 02:34:12 INFO  no build target found for C:\CodeMine\dataprocess\backend\app\controllers\OutliersController.scala. Using presentation compiler with project's scala-library version: 3.3.6
2025.06.23 02:34:21 INFO  no build target found for C:\CodeMine\dataprocess\backend\app\controllers\OutliersController.scala. Using presentation compiler with project's scala-library version: 3.3.6
2025.06.23 02:34:21 INFO  no build target found for C:\CodeMine\dataprocess\backend\app\controllers\OutliersController.scala. Using presentation compiler with project's scala-library version: 3.3.6
2025.06.23 02:34:21 INFO  no build target found for C:\CodeMine\dataprocess\backend\app\controllers\OutliersController.scala. Using presentation compiler with project's scala-library version: 3.3.6
2025.06.23 02:34:32 INFO  no build target found for C:\CodeMine\dataprocess\backend\app\controllers\OutliersController.scala. Using presentation compiler with project's scala-library version: 3.3.6
2025.06.23 02:34:32 INFO  no build target found for C:\CodeMine\dataprocess\backend\app\controllers\OutliersController.scala. Using presentation compiler with project's scala-library version: 3.3.6
2025.06.23 02:34:32 INFO  no build target found for C:\CodeMine\dataprocess\backend\app\controllers\OutliersController.scala. Using presentation compiler with project's scala-library version: 3.3.6
2025.06.23 02:34:32 INFO  no build target found for C:\CodeMine\dataprocess\backend\app\controllers\OutliersController.scala. Using presentation compiler with project's scala-library version: 3.3.6
2025.06.23 02:34:33 INFO  no build target found for C:\CodeMine\dataprocess\backend\app\controllers\OutliersController.scala. Using presentation compiler with project's scala-library version: 3.3.6
2025.06.23 02:34:33 WARN  Could not find semantic tokens for: file:///C:/CodeMine/dataprocess/backend/app/controllers/OutliersController.scala
2025.06.23 02:34:33 INFO  no build target found for C:\CodeMine\dataprocess\backend\app\controllers\OutliersController.scala. Using presentation compiler with project's scala-library version: 3.3.6
2025.06.23 02:34:33 INFO  no build target found for C:\CodeMine\dataprocess\backend\app\controllers\OutliersController.scala. Using presentation compiler with project's scala-library version: 3.3.6
2025.06.23 02:34:33 INFO  no build target found for C:\CodeMine\dataprocess\backend\app\controllers\OutliersController.scala. Using presentation compiler with project's scala-library version: 3.3.6
2025.06.23 02:34:33 WARN  Could not find semantic tokens for: file:///C:/CodeMine/dataprocess/backend/app/controllers/OutliersController.scala
2025.06.23 02:34:33 INFO  no build target found for C:\CodeMine\dataprocess\backend\app\controllers\OutliersController.scala. Using presentation compiler with project's scala-library version: 3.3.6
2025.06.23 02:34:33 INFO  no build target found for C:\CodeMine\dataprocess\backend\app\controllers\OutliersController.scala. Using presentation compiler with project's scala-library version: 3.3.6
2025.06.23 02:34:34 INFO  no build target found for C:\CodeMine\dataprocess\backend\app\controllers\OutliersController.scala. Using presentation compiler with project's scala-library version: 3.3.6
2025.06.23 02:34:34 WARN  Could not find semantic tokens for: file:///C:/CodeMine/dataprocess/backend/app/controllers/OutliersController.scala
2025.06.23 02:34:34 INFO  no build target found for C:\CodeMine\dataprocess\backend\app\controllers\OutliersController.scala. Using presentation compiler with project's scala-library version: 3.3.6
2025.06.23 02:34:34 INFO  no build target found for C:\CodeMine\dataprocess\backend\app\controllers\OutliersController.scala. Using presentation compiler with project's scala-library version: 3.3.6
2025.06.23 02:34:34 INFO  no build target found for C:\CodeMine\dataprocess\backend\app\controllers\OutliersController.scala. Using presentation compiler with project's scala-library version: 3.3.6
2025.06.23 02:34:34 WARN  Could not find semantic tokens for: file:///C:/CodeMine/dataprocess/backend/app/controllers/OutliersController.scala
2025.06.23 02:34:34 INFO  no build target found for C:\CodeMine\dataprocess\backend\app\controllers\OutliersController.scala. Using presentation compiler with project's scala-library version: 3.3.6
2025.06.23 02:34:34 INFO  no build target found for C:\CodeMine\dataprocess\backend\app\controllers\OutliersController.scala. Using presentation compiler with project's scala-library version: 3.3.6
2025.06.23 02:34:35 INFO  no build target found for C:\CodeMine\dataprocess\backend\app\controllers\OutliersController.scala. Using presentation compiler with project's scala-library version: 3.3.6
2025.06.23 02:34:35 WARN  Could not find semantic tokens for: file:///C:/CodeMine/dataprocess/backend/app/controllers/OutliersController.scala
2025.06.23 02:34:39 INFO  no build target found for C:\CodeMine\dataprocess\backend\app\controllers\OutliersController.scala. Using presentation compiler with project's scala-library version: 3.3.6
2025.06.23 02:34:39 WARN  no build target for: C:\CodeMine\dataprocess\backend\app\controllers\OutliersController.scala
2025.06.23 02:34:39 INFO  no build target found for C:\CodeMine\dataprocess\backend\app\controllers\OutliersController.scala. Using presentation compiler with project's scala-library version: 3.3.6
2025.06.23 02:34:39 WARN  Could not find semantic tokens for: file:///C:/CodeMine/dataprocess/backend/app/controllers/OutliersController.scala
2025.06.23 02:34:39 INFO  no build target found for C:\CodeMine\dataprocess\backend\app\controllers\OutliersController.scala. Using presentation compiler with project's scala-library version: 3.3.6
2025.06.23 02:34:39 WARN  no build target for: C:\CodeMine\dataprocess\backend\app\controllers\NormalizerController.scala
2025.06.23 02:34:39 INFO  no build target found for C:\CodeMine\dataprocess\backend\app\controllers\NormalizerController.scala. Using presentation compiler with project's scala-library version: 3.3.6
2025.06.23 02:34:39 WARN  Could not find semantic tokens for: file:///C:/CodeMine/dataprocess/backend/app/controllers/NormalizerController.scala
2025.06.23 02:34:41 INFO  no build target found for C:\CodeMine\dataprocess\backend\app\controllers\NormalizerController.scala. Using presentation compiler with project's scala-library version: 3.3.6
2025.06.23 02:34:41 INFO  no build target found for C:\CodeMine\dataprocess\backend\app\controllers\NormalizerController.scala. Using presentation compiler with project's scala-library version: 3.3.6
2025.06.23 02:34:41 INFO  no build target found for C:\CodeMine\dataprocess\backend\app\controllers\NormalizerController.scala. Using presentation compiler with project's scala-library version: 3.3.6
2025.06.23 02:34:41 WARN  Could not find semantic tokens for: file:///C:/CodeMine/dataprocess/backend/app/controllers/NormalizerController.scala
2025.06.23 02:34:41 INFO  no build target found for C:\CodeMine\dataprocess\backend\app\controllers\NormalizerController.scala. Using presentation compiler with project's scala-library version: 3.3.6
2025.06.23 02:34:41 INFO  no build target found for C:\CodeMine\dataprocess\backend\app\controllers\NormalizerController.scala. Using presentation compiler with project's scala-library version: 3.3.6
2025.06.23 02:34:42 INFO  no build target found for C:\CodeMine\dataprocess\backend\app\controllers\NormalizerController.scala. Using presentation compiler with project's scala-library version: 3.3.6
2025.06.23 02:34:42 INFO  no build target found for C:\CodeMine\dataprocess\backend\app\controllers\NormalizerController.scala. Using presentation compiler with project's scala-library version: 3.3.6
2025.06.23 02:34:42 WARN  Could not find semantic tokens for: file:///C:/CodeMine/dataprocess/backend/app/controllers/NormalizerController.scala
2025.06.23 02:34:42 INFO  no build target found for C:\CodeMine\dataprocess\backend\app\controllers\NormalizerController.scala. Using presentation compiler with project's scala-library version: 3.3.6
2025.06.23 02:34:43 INFO  no build target found for C:\CodeMine\dataprocess\backend\app\controllers\NormalizerController.scala. Using presentation compiler with project's scala-library version: 3.3.6
2025.06.23 02:34:43 INFO  no build target found for C:\CodeMine\dataprocess\backend\app\controllers\NormalizerController.scala. Using presentation compiler with project's scala-library version: 3.3.6
2025.06.23 02:34:43 WARN  Could not find semantic tokens for: file:///C:/CodeMine/dataprocess/backend/app/controllers/NormalizerController.scala
2025.06.23 02:34:43 INFO  no build target found for C:\CodeMine\dataprocess\backend\app\controllers\NormalizerController.scala. Using presentation compiler with project's scala-library version: 3.3.6
2025.06.23 02:34:44 INFO  no build target found for C:\CodeMine\dataprocess\backend\app\controllers\NormalizerController.scala. Using presentation compiler with project's scala-library version: 3.3.6
2025.06.23 02:34:44 WARN  Could not find semantic tokens for: file:///C:/CodeMine/dataprocess/backend/app/controllers/NormalizerController.scala
2025.06.23 02:34:48 WARN  no build target for: C:\CodeMine\dataprocess\backend\app\controllers\OutliersController.scala
2025.06.23 02:34:48 INFO  no build target found for C:\CodeMine\dataprocess\backend\app\controllers\OutliersController.scala. Using presentation compiler with project's scala-library version: 3.3.6
2025.06.23 02:34:48 INFO  no build target found for C:\CodeMine\dataprocess\backend\app\controllers\OutliersController.scala. Using presentation compiler with project's scala-library version: 3.3.6
2025.06.23 02:34:48 INFO  no build target found for C:\CodeMine\dataprocess\backend\app\controllers\OutliersController.scala. Using presentation compiler with project's scala-library version: 3.3.6
2025.06.23 02:34:48 INFO  no build target found for C:\CodeMine\dataprocess\backend\app\controllers\OutliersController.scala. Using presentation compiler with project's scala-library version: 3.3.6
2025.06.23 02:34:49 WARN  Could not find semantic tokens for: file:///C:/CodeMine/dataprocess/backend/app/controllers/OutliersController.scala
2025.06.23 02:34:49 INFO  no build target found for C:\CodeMine\dataprocess\backend\app\controllers\OutliersController.scala. Using presentation compiler with project's scala-library version: 3.3.6
2025.06.23 02:34:49 INFO  no build target found for C:\CodeMine\dataprocess\backend\app\controllers\OutliersController.scala. Using presentation compiler with project's scala-library version: 3.3.6
2025.06.23 02:34:49 INFO  no build target found for C:\CodeMine\dataprocess\backend\app\controllers\OutliersController.scala. Using presentation compiler with project's scala-library version: 3.3.6
2025.06.23 02:34:51 INFO  no build target found for C:\CodeMine\dataprocess\backend\app\controllers\OutliersController.scala. Using presentation compiler with project's scala-library version: 3.3.6
2025.06.23 02:34:51 INFO  no build target found for C:\CodeMine\dataprocess\backend\app\controllers\OutliersController.scala. Using presentation compiler with project's scala-library version: 3.3.6
2025.06.23 02:34:51 INFO  no build target found for C:\CodeMine\dataprocess\backend\app\controllers\OutliersController.scala. Using presentation compiler with project's scala-library version: 3.3.6
2025.06.23 02:34:51 INFO  no build target found for C:\CodeMine\dataprocess\backend\app\controllers\OutliersController.scala. Using presentation compiler with project's scala-library version: 3.3.6
2025.06.23 02:34:52 INFO  no build target found for C:\CodeMine\dataprocess\backend\app\controllers\OutliersController.scala. Using presentation compiler with project's scala-library version: 3.3.6
2025.06.23 02:34:52 INFO  no build target found for C:\CodeMine\dataprocess\backend\app\controllers\OutliersController.scala. Using presentation compiler with project's scala-library version: 3.3.6
2025.06.23 02:34:52 WARN  Could not find semantic tokens for: file:///C:/CodeMine/dataprocess/backend/app/controllers/OutliersController.scala
2025.06.23 02:34:52 INFO  no build target found for C:\CodeMine\dataprocess\backend\app\controllers\OutliersController.scala. Using presentation compiler with project's scala-library version: 3.3.6
2025.06.23 02:34:52 INFO  no build target found for C:\CodeMine\dataprocess\backend\app\controllers\OutliersController.scala. Using presentation compiler with project's scala-library version: 3.3.6
2025.06.23 02:34:53 INFO  no build target found for C:\CodeMine\dataprocess\backend\app\controllers\OutliersController.scala. Using presentation compiler with project's scala-library version: 3.3.6
2025.06.23 02:34:53 INFO  no build target found for C:\CodeMine\dataprocess\backend\app\controllers\OutliersController.scala. Using presentation compiler with project's scala-library version: 3.3.6
2025.06.23 02:34:53 WARN  Could not find semantic tokens for: file:///C:/CodeMine/dataprocess/backend/app/controllers/OutliersController.scala
2025.06.23 02:34:53 INFO  no build target found for C:\CodeMine\dataprocess\backend\app\controllers\OutliersController.scala. Using presentation compiler with project's scala-library version: 3.3.6
2025.06.23 02:34:53 INFO  no build target found for C:\CodeMine\dataprocess\backend\app\controllers\OutliersController.scala. Using presentation compiler with project's scala-library version: 3.3.6
2025.06.23 02:34:53 INFO  no build target found for C:\CodeMine\dataprocess\backend\app\controllers\OutliersController.scala. Using presentation compiler with project's scala-library version: 3.3.6
2025.06.23 02:34:53 WARN  Could not find semantic tokens for: file:///C:/CodeMine/dataprocess/backend/app/controllers/OutliersController.scala
2025.06.23 02:34:54 INFO  no build target found for C:\CodeMine\dataprocess\backend\app\controllers\OutliersController.scala. Using presentation compiler with project's scala-library version: 3.3.6
2025.06.23 02:34:54 INFO  no build target found for C:\CodeMine\dataprocess\backend\app\controllers\OutliersController.scala. Using presentation compiler with project's scala-library version: 3.3.6
2025.06.23 02:34:54 WARN  Could not find semantic tokens for: file:///C:/CodeMine/dataprocess/backend/app/controllers/OutliersController.scala
2025.06.23 02:34:54 INFO  no build target found for C:\CodeMine\dataprocess\backend\app\controllers\OutliersController.scala. Using presentation compiler with project's scala-library version: 3.3.6
2025.06.23 02:34:55 INFO  no build target found for C:\CodeMine\dataprocess\backend\app\controllers\OutliersController.scala. Using presentation compiler with project's scala-library version: 3.3.6
2025.06.23 02:34:55 INFO  no build target found for C:\CodeMine\dataprocess\backend\app\controllers\OutliersController.scala. Using presentation compiler with project's scala-library version: 3.3.6
2025.06.23 02:34:55 INFO  no build target found for C:\CodeMine\dataprocess\backend\app\controllers\OutliersController.scala. Using presentation compiler with project's scala-library version: 3.3.6
2025.06.23 02:34:55 WARN  Could not find semantic tokens for: file:///C:/CodeMine/dataprocess/backend/app/controllers/OutliersController.scala
2025.06.23 02:34:56 INFO  no build target found for C:\CodeMine\dataprocess\backend\app\controllers\OutliersController.scala. Using presentation compiler with project's scala-library version: 3.3.6
2025.06.23 02:34:56 INFO  no build target found for C:\CodeMine\dataprocess\backend\app\controllers\OutliersController.scala. Using presentation compiler with project's scala-library version: 3.3.6
2025.06.23 02:34:57 INFO  no build target found for C:\CodeMine\dataprocess\backend\app\controllers\OutliersController.scala. Using presentation compiler with project's scala-library version: 3.3.6
2025.06.23 02:34:57 WARN  Could not find semantic tokens for: file:///C:/CodeMine/dataprocess/backend/app/controllers/OutliersController.scala
2025.06.23 02:34:58 WARN  no build target for: C:\CodeMine\dataprocess\backend\app\controllers\OutliersController.scala
2025.06.23 02:34:58 INFO  no build target found for C:\CodeMine\dataprocess\backend\app\controllers\OutliersController.scala. Using presentation compiler with project's scala-library version: 3.3.6
2025.06.23 02:34:58 INFO  no build target found for C:\CodeMine\dataprocess\backend\app\controllers\OutliersController.scala. Using presentation compiler with project's scala-library version: 3.3.6
2025.06.23 02:34:58 WARN  Could not find semantic tokens for: file:///C:/CodeMine/dataprocess/backend/app/controllers/OutliersController.scala
2025.06.23 02:34:58 INFO  no build target found for C:\CodeMine\dataprocess\backend\app\controllers\OutliersController.scala. Using presentation compiler with project's scala-library version: 3.3.6
2025.06.23 02:34:58 WARN  no build target for: C:\CodeMine\dataprocess\backend\app\controllers\NormalizerController.scala
2025.06.23 02:34:58 INFO  no build target found for C:\CodeMine\dataprocess\backend\app\controllers\NormalizerController.scala. Using presentation compiler with project's scala-library version: 3.3.6
2025.06.23 02:34:58 WARN  Could not find semantic tokens for: file:///C:/CodeMine/dataprocess/backend/app/controllers/NormalizerController.scala
2025.06.23 02:35:00 INFO  no build target found for C:\CodeMine\dataprocess\backend\app\controllers\NormalizerController.scala. Using presentation compiler with project's scala-library version: 3.3.6
2025.06.23 02:35:00 INFO  no build target found for C:\CodeMine\dataprocess\backend\app\controllers\NormalizerController.scala. Using presentation compiler with project's scala-library version: 3.3.6
2025.06.23 02:35:00 INFO  no build target found for C:\CodeMine\dataprocess\backend\app\controllers\NormalizerController.scala. Using presentation compiler with project's scala-library version: 3.3.6
2025.06.23 02:35:00 WARN  Could not find semantic tokens for: file:///C:/CodeMine/dataprocess/backend/app/controllers/NormalizerController.scala
2025.06.23 02:35:00 INFO  no build target found for C:\CodeMine\dataprocess\backend\app\controllers\NormalizerController.scala. Using presentation compiler with project's scala-library version: 3.3.6
2025.06.23 02:35:00 INFO  no build target found for C:\CodeMine\dataprocess\backend\app\controllers\NormalizerController.scala. Using presentation compiler with project's scala-library version: 3.3.6
2025.06.23 02:35:00 INFO  no build target found for C:\CodeMine\dataprocess\backend\app\controllers\NormalizerController.scala. Using presentation compiler with project's scala-library version: 3.3.6
2025.06.23 02:35:01 INFO  no build target found for C:\CodeMine\dataprocess\backend\app\controllers\NormalizerController.scala. Using presentation compiler with project's scala-library version: 3.3.6
2025.06.23 02:35:01 WARN  Could not find semantic tokens for: file:///C:/CodeMine/dataprocess/backend/app/controllers/NormalizerController.scala
2025.06.23 02:35:01 INFO  no build target found for C:\CodeMine\dataprocess\backend\app\controllers\NormalizerController.scala. Using presentation compiler with project's scala-library version: 3.3.6
2025.06.23 02:35:01 INFO  no build target found for C:\CodeMine\dataprocess\backend\app\controllers\NormalizerController.scala. Using presentation compiler with project's scala-library version: 3.3.6
2025.06.23 02:35:01 INFO  no build target found for C:\CodeMine\dataprocess\backend\app\controllers\NormalizerController.scala. Using presentation compiler with project's scala-library version: 3.3.6
2025.06.23 02:35:01 WARN  Could not find semantic tokens for: file:///C:/CodeMine/dataprocess/backend/app/controllers/NormalizerController.scala
2025.06.23 02:35:01 INFO  no build target found for C:\CodeMine\dataprocess\backend\app\controllers\NormalizerController.scala. Using presentation compiler with project's scala-library version: 3.3.6
2025.06.23 02:35:01 INFO  no build target found for C:\CodeMine\dataprocess\backend\app\controllers\NormalizerController.scala. Using presentation compiler with project's scala-library version: 3.3.6
2025.06.23 02:35:02 INFO  no build target found for C:\CodeMine\dataprocess\backend\app\controllers\NormalizerController.scala. Using presentation compiler with project's scala-library version: 3.3.6
2025.06.23 02:35:02 WARN  Could not find semantic tokens for: file:///C:/CodeMine/dataprocess/backend/app/controllers/NormalizerController.scala
2025.06.23 02:35:03 INFO  no build target found for C:\CodeMine\dataprocess\backend\app\controllers\NormalizerController.scala. Using presentation compiler with project's scala-library version: 3.3.6
2025.06.23 02:35:03 INFO  no build target found for C:\CodeMine\dataprocess\backend\app\controllers\NormalizerController.scala. Using presentation compiler with project's scala-library version: 3.3.6
2025.06.23 02:35:03 INFO  no build target found for C:\CodeMine\dataprocess\backend\app\controllers\NormalizerController.scala. Using presentation compiler with project's scala-library version: 3.3.6
2025.06.23 02:35:03 WARN  Could not find semantic tokens for: file:///C:/CodeMine/dataprocess/backend/app/controllers/NormalizerController.scala
2025.06.23 02:35:03 INFO  no build target found for C:\CodeMine\dataprocess\backend\app\controllers\NormalizerController.scala. Using presentation compiler with project's scala-library version: 3.3.6
2025.06.23 02:35:03 INFO  no build target found for C:\CodeMine\dataprocess\backend\app\controllers\NormalizerController.scala. Using presentation compiler with project's scala-library version: 3.3.6
2025.06.23 02:35:03 INFO  no build target found for C:\CodeMine\dataprocess\backend\app\controllers\NormalizerController.scala. Using presentation compiler with project's scala-library version: 3.3.6
2025.06.23 02:35:03 WARN  Could not find semantic tokens for: file:///C:/CodeMine/dataprocess/backend/app/controllers/NormalizerController.scala
2025.06.23 02:35:03 INFO  no build target found for C:\CodeMine\dataprocess\backend\app\controllers\NormalizerController.scala. Using presentation compiler with project's scala-library version: 3.3.6
2025.06.23 02:35:04 INFO  no build target found for C:\CodeMine\dataprocess\backend\app\controllers\NormalizerController.scala. Using presentation compiler with project's scala-library version: 3.3.6
2025.06.23 02:35:04 INFO  no build target found for C:\CodeMine\dataprocess\backend\app\controllers\NormalizerController.scala. Using presentation compiler with project's scala-library version: 3.3.6
2025.06.23 02:35:04 WARN  Could not find semantic tokens for: file:///C:/CodeMine/dataprocess/backend/app/controllers/NormalizerController.scala
2025.06.23 02:35:04 INFO  no build target found for C:\CodeMine\dataprocess\backend\app\controllers\NormalizerController.scala. Using presentation compiler with project's scala-library version: 3.3.6
2025.06.23 02:35:04 INFO  no build target found for C:\CodeMine\dataprocess\backend\app\controllers\NormalizerController.scala. Using presentation compiler with project's scala-library version: 3.3.6
2025.06.23 02:35:04 INFO  no build target found for C:\CodeMine\dataprocess\backend\app\controllers\NormalizerController.scala. Using presentation compiler with project's scala-library version: 3.3.6
2025.06.23 02:35:04 WARN  Could not find semantic tokens for: file:///C:/CodeMine/dataprocess/backend/app/controllers/NormalizerController.scala
2025.06.23 02:35:04 INFO  no build target found for C:\CodeMine\dataprocess\backend\app\controllers\NormalizerController.scala. Using presentation compiler with project's scala-library version: 3.3.6
2025.06.23 02:35:05 INFO  no build target found for C:\CodeMine\dataprocess\backend\app\controllers\NormalizerController.scala. Using presentation compiler with project's scala-library version: 3.3.6
2025.06.23 02:35:05 INFO  no build target found for C:\CodeMine\dataprocess\backend\app\controllers\NormalizerController.scala. Using presentation compiler with project's scala-library version: 3.3.6
2025.06.23 02:35:05 WARN  Could not find semantic tokens for: file:///C:/CodeMine/dataprocess/backend/app/controllers/NormalizerController.scala
2025.06.23 02:35:05 INFO  no build target found for C:\CodeMine\dataprocess\backend\app\controllers\NormalizerController.scala. Using presentation compiler with project's scala-library version: 3.3.6
2025.06.23 02:35:05 INFO  no build target found for C:\CodeMine\dataprocess\backend\app\controllers\NormalizerController.scala. Using presentation compiler with project's scala-library version: 3.3.6
2025.06.23 02:35:04 INFO  no build target found for C:\CodeMine\dataprocess\backend\app\controllers\NormalizerController.scala. Using presentation compiler with project's scala-library version: 3.3.6
2025.06.23 02:35:04 WARN  Could not find semantic tokens for: file:///C:/CodeMine/dataprocess/backend/app/controllers/NormalizerController.scala
2025.06.23 02:35:05 INFO  no build target found for C:\CodeMine\dataprocess\backend\app\controllers\NormalizerController.scala. Using presentation compiler with project's scala-library version: 3.3.6
2025.06.23 02:35:06 INFO  no build target found for C:\CodeMine\dataprocess\backend\app\controllers\NormalizerController.scala. Using presentation compiler with project's scala-library version: 3.3.6
2025.06.23 02:35:06 INFO  no build target found for C:\CodeMine\dataprocess\backend\app\controllers\NormalizerController.scala. Using presentation compiler with project's scala-library version: 3.3.6
juin 23, 2025 2:35:06 AM org.eclipse.lsp4j.jsonrpc.RemoteEndpoint handleCancellation
AVERTISSEMENT: Unmatched cancel notification for request id 485
2025.06.23 02:35:06 INFO  no build target found for C:\CodeMine\dataprocess\backend\app\controllers\NormalizerController.scala. Using presentation compiler with project's scala-library version: 3.3.6
2025.06.23 02:35:06 WARN  Could not find semantic tokens for: file:///C:/CodeMine/dataprocess/backend/app/controllers/NormalizerController.scala
2025.06.23 02:35:06 INFO  no build target found for C:\CodeMine\dataprocess\backend\app\controllers\NormalizerController.scala. Using presentation compiler with project's scala-library version: 3.3.6
2025.06.23 02:35:06 INFO  no build target found for C:\CodeMine\dataprocess\backend\app\controllers\NormalizerController.scala. Using presentation compiler with project's scala-library version: 3.3.6
2025.06.23 02:35:06 WARN  Could not find semantic tokens for: file:///C:/CodeMine/dataprocess/backend/app/controllers/NormalizerController.scala
2025.06.23 02:35:06 INFO  no build target found for C:\CodeMine\dataprocess\backend\app\controllers\NormalizerController.scala. Using presentation compiler with project's scala-library version: 3.3.6
2025.06.23 02:35:06 INFO  no build target found for C:\CodeMine\dataprocess\backend\app\controllers\NormalizerController.scala. Using presentation compiler with project's scala-library version: 3.3.6
2025.06.23 02:35:07 INFO  no build target found for C:\CodeMine\dataprocess\backend\app\controllers\NormalizerController.scala. Using presentation compiler with project's scala-library version: 3.3.6
2025.06.23 02:35:07 WARN  Could not find semantic tokens for: file:///C:/CodeMine/dataprocess/backend/app/controllers/NormalizerController.scala
2025.06.23 02:35:07 INFO  no build target found for C:\CodeMine\dataprocess\backend\app\controllers\NormalizerController.scala. Using presentation compiler with project's scala-library version: 3.3.6
2025.06.23 02:35:12 INFO  no build target found for C:\CodeMine\dataprocess\backend\app\controllers\NormalizerController.scala. Using presentation compiler with project's scala-library version: 3.3.6
2025.06.23 02:35:12 INFO  no build target found for C:\CodeMine\dataprocess\backend\app\controllers\NormalizerController.scala. Using presentation compiler with project's scala-library version: 3.3.6
2025.06.23 02:35:12 INFO  no build target found for C:\CodeMine\dataprocess\backend\app\controllers\NormalizerController.scala. Using presentation compiler with project's scala-library version: 3.3.6
2025.06.23 02:35:12 WARN  Could not find semantic tokens for: file:///C:/CodeMine/dataprocess/backend/app/controllers/NormalizerController.scala
2025.06.23 02:35:13 INFO  no build target found for C:\CodeMine\dataprocess\backend\app\controllers\NormalizerController.scala. Using presentation compiler with project's scala-library version: 3.3.6
2025.06.23 02:35:13 INFO  no build target found for C:\CodeMine\dataprocess\backend\app\controllers\NormalizerController.scala. Using presentation compiler with project's scala-library version: 3.3.6
2025.06.23 02:35:13 INFO  no build target found for C:\CodeMine\dataprocess\backend\app\controllers\NormalizerController.scala. Using presentation compiler with project's scala-library version: 3.3.6
2025.06.23 02:35:13 INFO  no build target found for C:\CodeMine\dataprocess\backend\app\controllers\NormalizerController.scala. Using presentation compiler with project's scala-library version: 3.3.6
2025.06.23 02:35:13 WARN  Could not find semantic tokens for: file:///C:/CodeMine/dataprocess/backend/app/controllers/NormalizerController.scala
2025.06.23 02:35:13 INFO  no build target found for C:\CodeMine\dataprocess\backend\app\controllers\NormalizerController.scala. Using presentation compiler with project's scala-library version: 3.3.6
2025.06.23 02:35:14 INFO  no build target found for C:\CodeMine\dataprocess\backend\app\controllers\NormalizerController.scala. Using presentation compiler with project's scala-library version: 3.3.6
2025.06.23 02:35:14 INFO  no build target found for C:\CodeMine\dataprocess\backend\app\controllers\NormalizerController.scala. Using presentation compiler with project's scala-library version: 3.3.6
2025.06.23 02:35:15 WARN  Could not find semantic tokens for: file:///C:/CodeMine/dataprocess/backend/app/controllers/NormalizerController.scala
2025.06.23 02:35:15 WARN  no build target for: C:\CodeMine\dataprocess\backend\app\controllers\NormalizerController.scala
2025.06.23 02:35:15 INFO  no build target found for C:\CodeMine\dataprocess\backend\app\controllers\NormalizerController.scala. Using presentation compiler with project's scala-library version: 3.3.6
2025.06.23 02:35:15 INFO  no build target found for C:\CodeMine\dataprocess\backend\app\controllers\NormalizerController.scala. Using presentation compiler with project's scala-library version: 3.3.6
2025.06.23 02:35:15 WARN  Could not find semantic tokens for: file:///C:/CodeMine/dataprocess/backend/app/controllers/NormalizerController.scala
2025.06.23 02:35:16 INFO  no build target found for C:\CodeMine\dataprocess\backend\app\controllers\NormalizerController.scala. Using presentation compiler with project's scala-library version: 3.3.6
2025.06.23 02:35:21 INFO  no build target found for C:\CodeMine\dataprocess\backend\app\controllers\NormalizerController.scala. Using presentation compiler with project's scala-library version: 3.3.6
2025.06.23 02:35:21 INFO  no build target found for C:\CodeMine\dataprocess\backend\app\controllers\MissingDataController.scala. Using presentation compiler with project's scala-library version: 3.3.6
2025.06.23 02:35:22 INFO  no build target found for C:\CodeMine\dataprocess\backend\app\controllers\MissingDataController.scala. Using presentation compiler with project's scala-library version: 3.3.6
2025.06.23 02:35:22 INFO  no build target found for C:\CodeMine\dataprocess\backend\app\controllers\MissingDataController.scala. Using presentation compiler with project's scala-library version: 3.3.6
2025.06.23 02:35:22 INFO  no build target found for C:\CodeMine\dataprocess\backend\app\controllers\OutliersController.scala. Using presentation compiler with project's scala-library version: 3.3.6
2025.06.23 02:35:23 WARN  no build target for: C:\CodeMine\dataprocess\backend\app\controllers\OutliersController.scala
2025.06.23 02:35:23 INFO  no build target found for C:\CodeMine\dataprocess\backend\app\controllers\OutliersController.scala. Using presentation compiler with project's scala-library version: 3.3.6
2025.06.23 02:35:23 WARN  Could not find semantic tokens for: file:///C:/CodeMine/dataprocess/backend/app/controllers/OutliersController.scala
2025.06.23 02:35:23 INFO  no build target found for C:\CodeMine\dataprocess\backend\app\controllers\OutliersController.scala. Using presentation compiler with project's scala-library version: 3.3.6
2025.06.23 02:35:25 INFO  no build target found for C:\CodeMine\dataprocess\backend\app\controllers\MissingDataController.scala. Using presentation compiler with project's scala-library version: 3.3.6
2025.06.23 02:35:25 INFO  no build target found for C:\CodeMine\dataprocess\backend\app\controllers\DuplicatesController.scala. Using presentation compiler with project's scala-library version: 3.3.6
2025.06.23 02:35:25 WARN  Could not find semantic tokens for: file:///C:/CodeMine/dataprocess/backend/app/controllers/DuplicatesController.scala
2025.06.23 02:35:27 INFO  no build target found for C:\CodeMine\dataprocess\backend\app\controllers\DuplicatesController.scala. Using presentation compiler with project's scala-library version: 3.3.6
2025.06.23 02:35:27 INFO  no build target found for C:\CodeMine\dataprocess\backend\app\controllers\DuplicatesController.scala. Using presentation compiler with project's scala-library version: 3.3.6
2025.06.23 02:35:27 INFO  no build target found for C:\CodeMine\dataprocess\backend\app\controllers\DuplicatesController.scala. Using presentation compiler with project's scala-library version: 3.3.6
2025.06.23 02:35:27 INFO  no build target found for C:\CodeMine\dataprocess\backend\app\controllers\DuplicatesController.scala. Using presentation compiler with project's scala-library version: 3.3.6
2025.06.23 02:35:27 WARN  Could not find semantic tokens for: file:///C:/CodeMine/dataprocess/backend/app/controllers/DuplicatesController.scala
2025.06.23 02:35:27 INFO  no build target found for C:\CodeMine\dataprocess\backend\app\controllers\DuplicatesController.scala. Using presentation compiler with project's scala-library version: 3.3.6
2025.06.23 02:35:28 INFO  no build target found for C:\CodeMine\dataprocess\backend\app\controllers\DuplicatesController.scala. Using presentation compiler with project's scala-library version: 3.3.6
2025.06.23 02:35:28 INFO  no build target found for C:\CodeMine\dataprocess\backend\app\controllers\DuplicatesController.scala. Using presentation compiler with project's scala-library version: 3.3.6
2025.06.23 02:35:28 INFO  no build target found for C:\CodeMine\dataprocess\backend\app\controllers\DuplicatesController.scala. Using presentation compiler with project's scala-library version: 3.3.6
2025.06.23 02:35:28 WARN  Could not find semantic tokens for: file:///C:/CodeMine/dataprocess/backend/app/controllers/DuplicatesController.scala
2025.06.23 02:35:28 INFO  no build target found for C:\CodeMine\dataprocess\backend\app\controllers\DuplicatesController.scala. Using presentation compiler with project's scala-library version: 3.3.6
2025.06.23 02:35:28 INFO  no build target found for C:\CodeMine\dataprocess\backend\app\controllers\DuplicatesController.scala. Using presentation compiler with project's scala-library version: 3.3.6
2025.06.23 02:35:28 INFO  no build target found for C:\CodeMine\dataprocess\backend\app\controllers\DuplicatesController.scala. Using presentation compiler with project's scala-library version: 3.3.6
2025.06.23 02:35:28 WARN  Could not find semantic tokens for: file:///C:/CodeMine/dataprocess/backend/app/controllers/DuplicatesController.scala
2025.06.23 02:35:29 INFO  no build target found for C:\CodeMine\dataprocess\backend\app\controllers\DuplicatesController.scala. Using presentation compiler with project's scala-library version: 3.3.6
2025.06.23 02:35:29 INFO  no build target found for C:\CodeMine\dataprocess\backend\app\controllers\DuplicatesController.scala. Using presentation compiler with project's scala-library version: 3.3.6
2025.06.23 02:35:30 INFO  no build target found for C:\CodeMine\dataprocess\backend\app\controllers\DuplicatesController.scala. Using presentation compiler with project's scala-library version: 3.3.6
2025.06.23 02:35:30 WARN  Could not find semantic tokens for: file:///C:/CodeMine/dataprocess/backend/app/controllers/DuplicatesController.scala
2025.06.23 02:35:30 INFO  no build target found for C:\CodeMine\dataprocess\backend\app\controllers\DuplicatesController.scala. Using presentation compiler with project's scala-library version: 3.3.6
2025.06.23 02:35:30 INFO  no build target found for C:\CodeMine\dataprocess\backend\app\controllers\DuplicatesController.scala. Using presentation compiler with project's scala-library version: 3.3.6
2025.06.23 02:35:30 INFO  no build target found for C:\CodeMine\dataprocess\backend\app\controllers\DuplicatesController.scala. Using presentation compiler with project's scala-library version: 3.3.6
2025.06.23 02:35:30 WARN  Could not find semantic tokens for: file:///C:/CodeMine/dataprocess/backend/app/controllers/DuplicatesController.scala
2025.06.23 02:35:30 INFO  no build target found for C:\CodeMine\dataprocess\backend\app\controllers\DuplicatesController.scala. Using presentation compiler with project's scala-library version: 3.3.6
2025.06.23 02:35:30 INFO  no build target found for C:\CodeMine\dataprocess\backend\app\controllers\DuplicatesController.scala. Using presentation compiler with project's scala-library version: 3.3.6
2025.06.23 02:35:31 INFO  no build target found for C:\CodeMine\dataprocess\backend\app\controllers\DuplicatesController.scala. Using presentation compiler with project's scala-library version: 3.3.6
2025.06.23 02:35:31 WARN  Could not find semantic tokens for: file:///C:/CodeMine/dataprocess/backend/app/controllers/DuplicatesController.scala
2025.06.23 02:35:31 INFO  no build target found for C:\CodeMine\dataprocess\backend\app\controllers\DuplicatesController.scala. Using presentation compiler with project's scala-library version: 3.3.6
2025.06.23 02:35:31 INFO  no build target found for C:\CodeMine\dataprocess\backend\app\controllers\DuplicatesController.scala. Using presentation compiler with project's scala-library version: 3.3.6
2025.06.23 02:35:31 INFO  no build target found for C:\CodeMine\dataprocess\backend\app\controllers\DuplicatesController.scala. Using presentation compiler with project's scala-library version: 3.3.6
2025.06.23 02:35:31 INFO  no build target found for C:\CodeMine\dataprocess\backend\app\controllers\DuplicatesController.scala. Using presentation compiler with project's scala-library version: 3.3.6
2025.06.23 02:35:31 WARN  Could not find semantic tokens for: file:///C:/CodeMine/dataprocess/backend/app/controllers/DuplicatesController.scala
2025.06.23 02:35:31 INFO  no build target found for C:\CodeMine\dataprocess\backend\app\controllers\DuplicatesController.scala. Using presentation compiler with project's scala-library version: 3.3.6
2025.06.23 02:35:31 INFO  no build target found for C:\CodeMine\dataprocess\backend\app\controllers\DuplicatesController.scala. Using presentation compiler with project's scala-library version: 3.3.6
juin 23, 2025 2:35:32 AM org.eclipse.lsp4j.jsonrpc.RemoteEndpoint handleCancellation
AVERTISSEMENT: Unmatched cancel notification for request id 623
2025.06.23 02:35:31 INFO  no build target found for C:\CodeMine\dataprocess\backend\app\controllers\DuplicatesController.scala. Using presentation compiler with project's scala-library version: 3.3.6
2025.06.23 02:35:32 INFO  no build target found for C:\CodeMine\dataprocess\backend\app\controllers\DuplicatesController.scala. Using presentation compiler with project's scala-library version: 3.3.6
2025.06.23 02:35:32 WARN  Could not find semantic tokens for: file:///C:/CodeMine/dataprocess/backend/app/controllers/DuplicatesController.scala
2025.06.23 02:35:31 INFO  no build target found for C:\CodeMine\dataprocess\backend\app\controllers\DuplicatesController.scala. Using presentation compiler with project's scala-library version: 3.3.6
2025.06.23 02:35:32 INFO  no build target found for C:\CodeMine\dataprocess\backend\app\controllers\DuplicatesController.scala. Using presentation compiler with project's scala-library version: 3.3.6
2025.06.23 02:35:32 WARN  Could not find semantic tokens for: file:///C:/CodeMine/dataprocess/backend/app/controllers/DuplicatesController.scala
2025.06.23 02:35:33 INFO  no build target found for C:\CodeMine\dataprocess\backend\app\controllers\DuplicatesController.scala. Using presentation compiler with project's scala-library version: 3.3.6
2025.06.23 02:35:33 INFO  no build target found for C:\CodeMine\dataprocess\backend\app\controllers\DuplicatesController.scala. Using presentation compiler with project's scala-library version: 3.3.6
2025.06.23 02:35:33 INFO  no build target found for C:\CodeMine\dataprocess\backend\app\controllers\DuplicatesController.scala. Using presentation compiler with project's scala-library version: 3.3.6
2025.06.23 02:35:33 INFO  no build target found for C:\CodeMine\dataprocess\backend\app\controllers\DuplicatesController.scala. Using presentation compiler with project's scala-library version: 3.3.6
2025.06.23 02:35:33 WARN  Could not find semantic tokens for: file:///C:/CodeMine/dataprocess/backend/app/controllers/DuplicatesController.scala
2025.06.23 02:35:33 INFO  no build target found for C:\CodeMine\dataprocess\backend\app\controllers\DuplicatesController.scala. Using presentation compiler with project's scala-library version: 3.3.6
2025.06.23 02:35:33 INFO  no build target found for C:\CodeMine\dataprocess\backend\app\controllers\DuplicatesController.scala. Using presentation compiler with project's scala-library version: 3.3.6
2025.06.23 02:35:33 INFO  no build target found for C:\CodeMine\dataprocess\backend\app\controllers\DuplicatesController.scala. Using presentation compiler with project's scala-library version: 3.3.6
2025.06.23 02:35:34 INFO  no build target found for C:\CodeMine\dataprocess\backend\app\controllers\DuplicatesController.scala. Using presentation compiler with project's scala-library version: 3.3.6
2025.06.23 02:35:34 WARN  Could not find semantic tokens for: file:///C:/CodeMine/dataprocess/backend/app/controllers/DuplicatesController.scala
2025.06.23 02:35:34 INFO  no build target found for C:\CodeMine\dataprocess\backend\app\controllers\DuplicatesController.scala. Using presentation compiler with project's scala-library version: 3.3.6
2025.06.23 02:35:34 INFO  no build target found for C:\CodeMine\dataprocess\backend\app\controllers\DuplicatesController.scala. Using presentation compiler with project's scala-library version: 3.3.6
2025.06.23 02:35:34 INFO  no build target found for C:\CodeMine\dataprocess\backend\app\controllers\DuplicatesController.scala. Using presentation compiler with project's scala-library version: 3.3.6
2025.06.23 02:35:34 WARN  Could not find semantic tokens for: file:///C:/CodeMine/dataprocess/backend/app/controllers/DuplicatesController.scala
2025.06.23 02:35:35 INFO  no build target found for C:\CodeMine\dataprocess\backend\app\controllers\DuplicatesController.scala. Using presentation compiler with project's scala-library version: 3.3.6
2025.06.23 02:35:35 INFO  no build target found for C:\CodeMine\dataprocess\backend\app\controllers\DuplicatesController.scala. Using presentation compiler with project's scala-library version: 3.3.6
2025.06.23 02:35:35 INFO  no build target found for C:\CodeMine\dataprocess\backend\app\controllers\DuplicatesController.scala. Using presentation compiler with project's scala-library version: 3.3.6
2025.06.23 02:35:35 INFO  no build target found for C:\CodeMine\dataprocess\backend\app\controllers\DuplicatesController.scala. Using presentation compiler with project's scala-library version: 3.3.6
2025.06.23 02:35:35 WARN  Could not find semantic tokens for: file:///C:/CodeMine/dataprocess/backend/app/controllers/DuplicatesController.scala
2025.06.23 02:35:36 INFO  no build target found for C:\CodeMine\dataprocess\backend\app\controllers\DuplicatesController.scala. Using presentation compiler with project's scala-library version: 3.3.6
2025.06.23 02:35:36 INFO  no build target found for C:\CodeMine\dataprocess\backend\app\controllers\DuplicatesController.scala. Using presentation compiler with project's scala-library version: 3.3.6
2025.06.23 02:35:36 INFO  no build target found for C:\CodeMine\dataprocess\backend\app\controllers\DuplicatesController.scala. Using presentation compiler with project's scala-library version: 3.3.6
2025.06.23 02:35:36 WARN  Could not find semantic tokens for: file:///C:/CodeMine/dataprocess/backend/app/controllers/DuplicatesController.scala
2025.06.23 02:35:37 WARN  no build target for: C:\CodeMine\dataprocess\backend\app\controllers\DuplicatesController.scala
2025.06.23 02:35:37 INFO  no build target found for C:\CodeMine\dataprocess\backend\app\controllers\DuplicatesController.scala. Using presentation compiler with project's scala-library version: 3.3.6
2025.06.23 02:35:37 INFO  no build target found for C:\CodeMine\dataprocess\backend\app\controllers\DuplicatesController.scala. Using presentation compiler with project's scala-library version: 3.3.6
2025.06.23 02:35:37 WARN  Could not find semantic tokens for: file:///C:/CodeMine/dataprocess/backend/app/controllers/DuplicatesController.scala
2025.06.23 02:35:37 INFO  no build target found for C:\CodeMine\dataprocess\backend\app\controllers\DuplicatesController.scala. Using presentation compiler with project's scala-library version: 3.3.6
2025.06.23 02:35:37 INFO  no build target found for C:\CodeMine\dataprocess\backend\app\controllers\MissingDataController.scala. Using presentation compiler with project's scala-library version: 3.3.6
2025.06.23 02:35:38 INFO  no build target found for C:\CodeMine\dataprocess\backend\app\controllers\MissingDataController.scala. Using presentation compiler with project's scala-library version: 3.3.6
2025.06.23 02:35:38 INFO  no build target found for C:\CodeMine\dataprocess\backend\app\controllers\MissingDataController.scala. Using presentation compiler with project's scala-library version: 3.3.6
2025.06.23 02:35:38 INFO  no build target found for C:\CodeMine\dataprocess\backend\app\controllers\MissingDataController.scala. Using presentation compiler with project's scala-library version: 3.3.6
2025.06.23 02:35:40 INFO  no build target found for C:\CodeMine\dataprocess\backend\app\controllers\MissingDataController.scala. Using presentation compiler with project's scala-library version: 3.3.6
2025.06.23 02:35:40 INFO  no build target found for C:\CodeMine\dataprocess\backend\app\controllers\MissingDataController.scala. Using presentation compiler with project's scala-library version: 3.3.6
2025.06.23 02:35:40 INFO  no build target found for C:\CodeMine\dataprocess\backend\app\controllers\MissingDataController.scala. Using presentation compiler with project's scala-library version: 3.3.6
2025.06.23 02:35:42 INFO  no build target found for C:\CodeMine\dataprocess\backend\app\controllers\MissingDataController.scala. Using presentation compiler with project's scala-library version: 3.3.6
2025.06.23 02:35:42 INFO  no build target found for C:\CodeMine\dataprocess\backend\app\controllers\MissingDataController.scala. Using presentation compiler with project's scala-library version: 3.3.6
2025.06.23 02:35:43 INFO  no build target found for C:\CodeMine\dataprocess\backend\app\controllers\MissingDataController.scala. Using presentation compiler with project's scala-library version: 3.3.6
2025.06.23 02:35:45 INFO  no build target found for C:\CodeMine\dataprocess\backend\app\controllers\MissingDataController.scala. Using presentation compiler with project's scala-library version: 3.3.6
2025.06.23 02:35:45 INFO  no build target found for C:\CodeMine\dataprocess\backend\app\controllers\MissingDataController.scala. Using presentation compiler with project's scala-library version: 3.3.6
2025.06.23 02:35:45 INFO  no build target found for C:\CodeMine\dataprocess\backend\app\controllers\MissingDataController.scala. Using presentation compiler with project's scala-library version: 3.3.6
2025.06.23 02:35:45 INFO  no build target found for C:\CodeMine\dataprocess\backend\app\controllers\MissingDataController.scala. Using presentation compiler with project's scala-library version: 3.3.6
2025.06.23 02:35:45 INFO  no build target found for C:\CodeMine\dataprocess\backend\app\controllers\MissingDataController.scala. Using presentation compiler with project's scala-library version: 3.3.6
2025.06.23 02:35:46 INFO  no build target found for C:\CodeMine\dataprocess\backend\app\controllers\MissingDataController.scala. Using presentation compiler with project's scala-library version: 3.3.6
2025.06.23 02:35:45 INFO  no build target found for C:\CodeMine\dataprocess\backend\app\controllers\MissingDataController.scala. Using presentation compiler with project's scala-library version: 3.3.6
2025.06.23 02:35:46 INFO  no build target found for C:\CodeMine\dataprocess\backend\app\controllers\MissingDataController.scala. Using presentation compiler with project's scala-library version: 3.3.6
2025.06.23 02:35:46 INFO  no build target found for C:\CodeMine\dataprocess\backend\app\controllers\MissingDataController.scala. Using presentation compiler with project's scala-library version: 3.3.6
2025.06.23 02:35:47 INFO  no build target found for C:\CodeMine\dataprocess\backend\app\controllers\MissingDataController.scala. Using presentation compiler with project's scala-library version: 3.3.6
2025.06.23 02:35:48 INFO  no build target found for C:\CodeMine\dataprocess\backend\app\controllers\MissingDataController.scala. Using presentation compiler with project's scala-library version: 3.3.6
2025.06.23 02:35:48 INFO  no build target found for C:\CodeMine\dataprocess\backend\app\controllers\MissingDataController.scala. Using presentation compiler with project's scala-library version: 3.3.6
2025.06.23 02:35:48 INFO  no build target found for C:\CodeMine\dataprocess\backend\app\controllers\MissingDataController.scala. Using presentation compiler with project's scala-library version: 3.3.6
2025.06.23 02:35:48 INFO  no build target found for C:\CodeMine\dataprocess\backend\app\controllers\MissingDataController.scala. Using presentation compiler with project's scala-library version: 3.3.6
2025.06.23 02:35:49 INFO  no build target found for C:\CodeMine\dataprocess\backend\app\controllers\MissingDataController.scala. Using presentation compiler with project's scala-library version: 3.3.6
2025.06.23 02:35:49 INFO  no build target found for C:\CodeMine\dataprocess\backend\app\controllers\MissingDataController.scala. Using presentation compiler with project's scala-library version: 3.3.6
2025.06.23 02:35:49 INFO  no build target found for C:\CodeMine\dataprocess\backend\app\controllers\MissingDataController.scala. Using presentation compiler with project's scala-library version: 3.3.6
2025.06.23 02:35:49 INFO  no build target found for C:\CodeMine\dataprocess\backend\app\controllers\MissingDataController.scala. Using presentation compiler with project's scala-library version: 3.3.6
2025.06.23 02:35:49 INFO  no build target found for C:\CodeMine\dataprocess\backend\app\controllers\MissingDataController.scala. Using presentation compiler with project's scala-library version: 3.3.6
2025.06.23 02:35:49 INFO  no build target found for C:\CodeMine\dataprocess\backend\app\controllers\MissingDataController.scala. Using presentation compiler with project's scala-library version: 3.3.6
2025.06.23 02:35:50 INFO  no build target found for C:\CodeMine\dataprocess\backend\app\controllers\MissingDataController.scala. Using presentation compiler with project's scala-library version: 3.3.6
2025.06.23 02:35:50 INFO  no build target found for C:\CodeMine\dataprocess\backend\app\controllers\MissingDataController.scala. Using presentation compiler with project's scala-library version: 3.3.6
juin 23, 2025 2:35:50 AM org.eclipse.lsp4j.jsonrpc.RemoteEndpoint handleCancellation
AVERTISSEMENT: Unmatched cancel notification for request id 757
2025.06.23 02:35:50 INFO  no build target found for C:\CodeMine\dataprocess\backend\app\controllers\MissingDataController.scala. Using presentation compiler with project's scala-library version: 3.3.6
2025.06.23 02:35:50 INFO  no build target found for C:\CodeMine\dataprocess\backend\app\controllers\MissingDataController.scala. Using presentation compiler with project's scala-library version: 3.3.6
2025.06.23 02:35:50 INFO  no build target found for C:\CodeMine\dataprocess\backend\app\controllers\MissingDataController.scala. Using presentation compiler with project's scala-library version: 3.3.6
2025.06.23 02:35:50 INFO  no build target found for C:\CodeMine\dataprocess\backend\app\controllers\MissingDataController.scala. Using presentation compiler with project's scala-library version: 3.3.6
2025.06.23 02:35:50 INFO  no build target found for C:\CodeMine\dataprocess\backend\app\controllers\MissingDataController.scala. Using presentation compiler with project's scala-library version: 3.3.6
2025.06.23 02:35:51 INFO  no build target found for C:\CodeMine\dataprocess\backend\app\controllers\MissingDataController.scala. Using presentation compiler with project's scala-library version: 3.3.6
2025.06.23 02:35:51 INFO  no build target found for C:\CodeMine\dataprocess\backend\app\controllers\MissingDataController.scala. Using presentation compiler with project's scala-library version: 3.3.6
2025.06.23 02:35:52 INFO  no build target found for C:\CodeMine\dataprocess\backend\app\controllers\MissingDataController.scala. Using presentation compiler with project's scala-library version: 3.3.6
2025.06.23 02:35:51 INFO  no build target found for C:\CodeMine\dataprocess\backend\app\controllers\MissingDataController.scala. Using presentation compiler with project's scala-library version: 3.3.6
2025.06.23 02:35:51 INFO  no build target found for C:\CodeMine\dataprocess\backend\app\controllers\MissingDataController.scala. Using presentation compiler with project's scala-library version: 3.3.6
2025.06.23 02:35:52 INFO  no build target found for C:\CodeMine\dataprocess\backend\app\controllers\MissingDataController.scala. Using presentation compiler with project's scala-library version: 3.3.6
2025.06.23 02:35:51 INFO  no build target found for C:\CodeMine\dataprocess\backend\app\controllers\MissingDataController.scala. Using presentation compiler with project's scala-library version: 3.3.6
2025.06.23 02:35:52 INFO  no build target found for C:\CodeMine\dataprocess\backend\app\controllers\MissingDataController.scala. Using presentation compiler with project's scala-library version: 3.3.6
2025.06.23 02:35:53 INFO  no build target found for C:\CodeMine\dataprocess\backend\app\controllers\MissingDataController.scala. Using presentation compiler with project's scala-library version: 3.3.6
2025.06.23 02:35:52 INFO  no build target found for C:\CodeMine\dataprocess\backend\app\controllers\MissingDataController.scala. Using presentation compiler with project's scala-library version: 3.3.6
2025.06.23 02:35:53 INFO  no build target found for C:\CodeMine\dataprocess\backend\app\controllers\MissingDataController.scala. Using presentation compiler with project's scala-library version: 3.3.6
2025.06.23 02:35:58 INFO  no build target found for C:\CodeMine\dataprocess\backend\app\controllers\MissingDataController.scala. Using presentation compiler with project's scala-library version: 3.3.6
2025.06.23 02:35:58 INFO  no build target found for C:\CodeMine\dataprocess\backend\app\controllers\MissingDataController.scala. Using presentation compiler with project's scala-library version: 3.3.6
2025.06.23 02:35:58 INFO  no build target found for C:\CodeMine\dataprocess\backend\app\controllers\MissingDataController.scala. Using presentation compiler with project's scala-library version: 3.3.6
2025.06.23 02:35:58 INFO  no build target found for C:\CodeMine\dataprocess\backend\app\controllers\MissingDataController.scala. Using presentation compiler with project's scala-library version: 3.3.6
2025.06.23 02:35:58 INFO  no build target found for C:\CodeMine\dataprocess\backend\app\controllers\MissingDataController.scala. Using presentation compiler with project's scala-library version: 3.3.6
2025.06.23 02:35:59 INFO  no build target found for C:\CodeMine\dataprocess\backend\app\controllers\MissingDataController.scala. Using presentation compiler with project's scala-library version: 3.3.6
2025.06.23 02:35:58 INFO  no build target found for C:\CodeMine\dataprocess\backend\app\controllers\MissingDataController.scala. Using presentation compiler with project's scala-library version: 3.3.6
2025.06.23 02:36:02 INFO  no build target found for C:\CodeMine\dataprocess\backend\app\controllers\MissingDataController.scala. Using presentation compiler with project's scala-library version: 3.3.6
2025.06.23 02:36:02 INFO  no build target found for C:\CodeMine\dataprocess\backend\app\controllers\MissingDataController.scala. Using presentation compiler with project's scala-library version: 3.3.6
2025.06.23 02:36:02 WARN  no build target for: C:\CodeMine\dataprocess\backend\app\controllers\MissingDataController.scala
2025.06.23 02:36:02 INFO  no build target found for C:\CodeMine\dataprocess\backend\app\controllers\MissingDataController.scala. Using presentation compiler with project's scala-library version: 3.3.6
